<?xml version="1.0" encoding="UTF-8"?>
<testsuite xmlns:xsi="http://www.w3.org/2001/XMLSchema-instance" xsi:noNamespaceSchemaLocation="https://maven.apache.org/surefire/maven-surefire-plugin/xsd/surefire-test-report.xsd" name="com.example.AppTest" time="0.014" tests="1" errors="0" skipped="0" failures="0">
  <properties>
    <property name="java.specification.version" value="17"/>
    <property name="sun.jnu.encoding" value="UTF-8"/>
    <property name="java.class.path" value="/Users/courtney/Documents/CC3 AI reboot/Project 3 Markov Chain  Order M Materials/Project 3 Markov Chain Working/target/test-classes:/Users/courtney/Documents/CC3 AI reboot/Project 3 Markov Chain  Order M Materials/Project 3 Markov Chain Working/target/classes:/Users/courtney/.m2/repository/com/explodingart/jmusic/1.6.4.1/jmusic-1.6.4.1.jar:/Users/courtney/.m2/repository/junit/junit/4.11/junit-4.11.jar:/Users/courtney/.m2/repository/org/hamcrest/hamcrest-core/1.3/hamcrest-core-1.3.jar:"/>
    <property name="java.vm.vendor" value="Eclipse Adoptium"/>
    <property name="sun.arch.data.model" value="64"/>
    <property name="java.vendor.url" value="https://adoptium.net/"/>
    <property name="os.name" value="Mac OS X"/>
    <property name="java.vm.specification.version" value="17"/>
    <property name="sun.java.launcher" value="SUN_STANDARD"/>
    <property name="user.country" value="US"/>
    <property name="sun.boot.library.path" value="/Library/Java/JavaVirtualMachines/temurin-17.jdk/Contents/Home/lib"/>
    <property name="sun.java.command" value="/Users/courtney/Documents/CC3 AI reboot/Project 3 Markov Chain  Order M Materials/Project 3 Markov Chain Working/target/surefire/surefirebooter5550965952145702109.jar /Users/courtney/Documents/CC3 AI reboot/Project 3 Markov Chain  Order M Materials/Project 3 Markov Chain Working/target/surefire 2023-08-03T12-22-49_222-jvmRun1 surefire8251558621684108448tmp surefire_07787001166646545399tmp"/>
    <property name="jdk.debug" value="release"/>
    <property name="surefire.test.class.path" value="/Users/courtney/Documents/CC3 AI reboot/Project 3 Markov Chain  Order M Materials/Project 3 Markov Chain Working/target/test-classes:/Users/courtney/Documents/CC3 AI reboot/Project 3 Markov Chain  Order M Materials/Project 3 Markov Chain Working/target/classes:/Users/courtney/.m2/repository/com/explodingart/jmusic/1.6.4.1/jmusic-1.6.4.1.jar:/Users/courtney/.m2/repository/junit/junit/4.11/junit-4.11.jar:/Users/courtney/.m2/repository/org/hamcrest/hamcrest-core/1.3/hamcrest-core-1.3.jar:"/>
    <property name="sun.cpu.endian" value="little"/>
    <property name="user.home" value="/Users/courtney"/>
    <property name="user.language" value="en"/>
    <property name="java.specification.vendor" value="Oracle Corporation"/>
    <property name="java.version.date" value="2023-04-18"/>
    <property name="java.home" value="/Library/Java/JavaVirtualMachines/temurin-17.jdk/Contents/Home"/>
    <property name="file.separator" value="/"/>
    <property name="basedir" value="/Users/courtney/Documents/CC3 AI reboot/Project 3 Markov Chain  Order M Materials/Project 3 Markov Chain Working"/>
    <property name="java.vm.compressedOopsMode" value="Zero based"/>
    <property name="line.separator" value="&#10;"/>
    <property name="java.vm.specification.vendor" value="Oracle Corporation"/>
    <property name="java.specification.name" value="Java Platform API Specification"/>
    <property name="surefire.real.class.path" value="/Users/courtney/Documents/CC3 AI reboot/Project 3 Markov Chain  Order M Materials/Project 3 Markov Chain Working/target/surefire/surefirebooter5550965952145702109.jar"/>
    <property name="sun.management.compiler" value="HotSpot 64-Bit Tiered Compilers"/>
    <property name="java.runtime.version" value="17.0.7+7"/>
    <property name="user.name" value="courtney"/>
    <property name="path.separator" value=":"/>
    <property name="os.version" value="13.2.1"/>
    <property name="java.runtime.name" value="OpenJDK Runtime Environment"/>
    <property name="file.encoding" value="UTF-8"/>
    <property name="java.vm.name" value="OpenJDK 64-Bit Server VM"/>
    <property name="java.vendor.version" value="Temurin-17.0.7+7"/>
    <property name="localRepository" value="/Users/courtney/.m2/repository"/>
    <property name="java.vendor.url.bug" value="https://github.com/adoptium/adoptium-support/issues"/>
    <property name="java.io.tmpdir" value="/var/folders/10/kk093m208xjdqp0059bk4s680000gp/T/"/>
    <property name="java.version" value="17.0.7"/>
    <property name="user.dir" value="/Users/courtney/Documents/CC3 AI reboot/Project 3 Markov Chain  Order M Materials/Project 3 Markov Chain Working"/>
    <property name="os.arch" value="aarch64"/>
    <property name="java.vm.specification.name" value="Java Virtual Machine Specification"/>
    <property name="native.encoding" value="UTF-8"/>
    <property name="java.library.path" value="/Users/courtney/Library/Java/Extensions:/Library/Java/Extensions:/Network/Library/Java/Extensions:/System/Library/Java/Extensions:/usr/lib/java:."/>
    <property name="java.vm.info" value="mixed mode"/>
    <property name="java.vendor" value="Eclipse Adoptium"/>
    <property name="java.vm.version" value="17.0.7+7"/>
    <property name="sun.io.unicode.encoding" value="UnicodeBig"/>
    <property name="java.class.version" value="61.0"/>
  </properties>
  <testcase name="shouldAnswerWithTrue" classname="com.example.AppTest" time="0"/>
</testsuite>